<?xml version="1.0" encoding="UTF-8"?>
<!-- Generated by org.testng.reporters.JUnitReportReporter -->
<testsuite hostname="Mac.lan" failures="0" tests="1" name="mobileapp.BaseTest" time="59.680" errors="0" timestamp="2024-12-21T16:26:52 IST" skipped="0">
  <testcase classname="mobileapp.BaseTest" name="setUp" time="59.680"/>
</testsuite> <!-- mobileapp.BaseTest -->
