<?xml version="1.0" encoding="UTF-8"?>
<!-- Generated by org.testng.reporters.JUnitReportReporter -->
<testsuite hostname="yeshs-Mac-mini.local" failures="0" tests="1" name="admin.DealsAdmin" time="64.154" errors="0" timestamp="2024-12-13T11:52:59 IST" skipped="0">
  <testcase classname="admin.DealsAdmin" name="searchDealcreatedByAdminForBusinessUserAndRTZThatDeal" time="64.154"/>
</testsuite> <!-- admin.DealsAdmin -->
