<?xml version="1.0" encoding="UTF-8"?>
<!-- Generated by org.testng.reporters.JUnitReportReporter -->
<testsuite hostname="yeshs-MacBook-Air.local" failures="0" tests="1" name="businessUser.LoyaltyCard" time="173.085" errors="0" timestamp="2025-01-22T21:23:25 IST" skipped="0">
  <testcase classname="businessUser.LoyaltyCard" name="createLoyaltycardByBusinessUserAndNoLoyaltyCardIsPresentAndApproveBytheAdmin" time="173.085"/>
</testsuite> <!-- businessUser.LoyaltyCard -->
