<?xml version="1.0" encoding="UTF-8"?>
<!-- Generated by org.testng.reporters.JUnitReportReporter -->
<testsuite hostname="yeshs-Mac-mini.local" failures="0" tests="2" name="businessUser.Event" time="118.517" errors="0" timestamp="2024-12-02T18:10:30 IST" skipped="0">
  <testcase classname="businessUser.Event" name="createEventByBusinessuserAndAdminDeclineTheEventWithReasonForDecline" time="53.993"/>
  <testcase classname="businessUser.Event" name="createEventByBusinessuserAndAdminDeclineTheEventWithoutReasonForDecline" time="64.524"/>
</testsuite> <!-- businessUser.Event -->
