<?xml version="1.0" encoding="UTF-8"?>
<!-- Generated by org.testng.reporters.JUnitReportReporter -->
<testsuite hostname="Mac-64.lan" failures="0" tests="1" name="admin.DealAdminMobileIntegration" time="141.063" errors="0" timestamp="2025-01-03T14:28:51 IST" skipped="0">
  <testcase classname="admin.DealAdminMobileIntegration" name="searchDealcreatedByAdminForBusinessUserAndRTZThatDeal" time="141.063"/>
</testsuite> <!-- admin.DealAdminMobileIntegration -->
