<?xml version="1.0" encoding="UTF-8"?>
<!-- Generated by org.testng.reporters.JUnitReportReporter -->
<testsuite hostname="yeshs-Mac-mini.local" failures="0" tests="1" name="businessUser.DailyDealsWithMobileIntegration" time="126.852" errors="0" timestamp="2025-01-06T18:08:58 IST" skipped="0">
  <testcase classname="businessUser.DailyDealsWithMobileIntegration" name="makeDailyDealAndCancleTheDealByBusinessUser" time="126.852"/>
</testsuite> <!-- businessUser.DailyDealsWithMobileIntegration -->
