<?xml version="1.0" encoding="UTF-8"?>
<!-- Generated by org.testng.reporters.JUnitReportReporter -->
<testsuite hostname="yeshs-Mac-mini.local" failures="0" tests="1" name="businessUser.Createdeal" time="52.638" errors="0" timestamp="2024-12-11T16:41:30 IST" skipped="0">
  <testcase classname="businessUser.Createdeal" name="createdealBybusinessUserAndAdminApprovesThedeal" time="52.638"/>
</testsuite> <!-- businessUser.Createdeal -->
