<?xml version="1.0" encoding="UTF-8"?>
<!-- Generated by org.testng.reporters.JUnitReportReporter -->
<testsuite hostname="yeshs-Mac-mini.local" failures="0" tests="8" name="businessUser.DailyDeals" time="586.214" errors="0" timestamp="2024-12-04T16:15:34 IST" skipped="0">
  <testcase classname="businessUser.DailyDeals" name="createDailyDealByBusinessUserAndAdmindeclineTheDailyDeal" time="79.609"/>
  <testcase classname="businessUser.DailyDeals" name="makeDailyDealAndRTZTheDailyDealByBusinessUser" time="89.022"/>
  <testcase classname="businessUser.DailyDeals" name="createDailyDealBybusinessUserAndAdminDeclineThedealWithoutReasonForDecline" time="72.100"/>
  <testcase classname="businessUser.DailyDeals" name="makeDailyDealAndCancleTheDealByBusinessUser" time="85.771"/>
  <testcase classname="businessUser.DailyDeals" name="makeDailyDealAndCloneTheDailyDeal" time="97.417"/>
  <testcase classname="businessUser.DailyDeals" name="makeDailyDealAndPauseTheDeal" time="82.053"/>
  <testcase classname="businessUser.DailyDeals" name="createDailyDealByBusinessUserAndAdminApprovesTheDailyDeal" time="70.517"/>
  <testcase classname="businessUser.DailyDeals" name="dailyDealCreatedNowCheckTheMainDashboardDailyDealsCountAndAfterThatGoToDailyDealDashboardAndCheckTheRemainingDailyDealCountAndActiveDailyDealcount" time="9.725"/>
</testsuite> <!-- businessUser.DailyDeals -->
