<?xml version="1.0" encoding="UTF-8"?>
<!-- Generated by org.testng.reporters.JUnitReportReporter -->
<testsuite hostname="yeshs-Mac-mini.local" failures="0" tests="1" name="businessUser.DealWithMobile" time="117.566" errors="0" timestamp="2024-12-10T18:05:25 IST" skipped="0">
  <testcase classname="businessUser.DealWithMobile" name="createDealByBusinessUserAndAdminApprovesTheDailyDeal" time="117.566"/>
</testsuite> <!-- businessUser.DealWithMobile -->
