<?xml version="1.0" encoding="UTF-8"?>
<!-- Generated by org.testng.reporters.JUnitReportReporter -->
<testsuite hostname="yeshs-Mac-mini.local" failures="0" tests="4" name="businessUser.Createdeal" time="207.190" errors="0" timestamp="2024-12-02T18:04:58 IST" skipped="0">
  <testcase classname="businessUser.Createdeal" name="createdealBybusinessUserAndAdminDeclineThedealWithReasonForDecline" time="60.648"/>
  <testcase classname="businessUser.Createdeal" name="createdealBybusinessUserAndAdminDeclineThedealWithoutReasonForDecline" time="64.678"/>
  <testcase classname="businessUser.Createdeal" name="createdealBybusinessUserAndAdminApprovesThedeal" time="65.313"/>
  <testcase classname="businessUser.Createdeal" name="dealCreatedNowCheckTheMainDashboardDealsCountAndAfterThatGoToDealDashboardAndCheckTheRemainingDealCountAndActiveDealcount" time="16.551"/>
</testsuite> <!-- businessUser.Createdeal -->
