<?xml version="1.0" encoding="UTF-8"?>
<!-- Generated by org.testng.reporters.JUnitReportReporter -->
<testsuite hostname="yeshs-Mac-mini.local" failures="0" tests="1" name="businessUser.Createdeal" time="227.157" errors="0" timestamp="2024-12-27T15:51:35 IST" skipped="0">
  <testcase classname="businessUser.Createdeal" name="makeDealAndMobileUserClaimTheDealAndBuisnessUserRTZTheDealAndMobileUserRemovedTheClaimedDeal" time="227.157"/>
</testsuite> <!-- businessUser.Createdeal -->
