<?xml version="1.0" encoding="UTF-8"?>
<!-- Generated by org.testng.reporters.JUnitReportReporter -->
<testsuite hostname="yeshs-Mac-mini.local" failures="0" tests="1" name="businessUser.Deal" time="60.409" errors="0" timestamp="2025-02-27T16:26:15 IST" skipped="0">
  <testcase classname="businessUser.Deal" name="createdealBybusinessUserAndAdminApprovesTheDeal" time="60.409"/>
  <system-out/>
</testsuite> <!-- businessUser.Deal -->
