<?xml version="1.0" encoding="UTF-8"?>
<!-- Generated by org.testng.reporters.JUnitReportReporter -->
<testsuite hostname="yeshs-Mac-mini.local" failures="0" tests="1" name="businessUser.DealWithMobile" time="114.518" errors="0" timestamp="2024-12-12T13:54:24 IST" skipped="0">
  <testcase classname="businessUser.DealWithMobile" name="createDealByBusinessUserAndAdminApprovesTheDeal" time="114.518"/>
</testsuite> <!-- businessUser.DealWithMobile -->
