<?xml version="1.0" encoding="UTF-8"?>
<!-- Generated by org.testng.reporters.JUnitReportReporter -->
<testsuite hostname="yeshs-Mac-mini.local" failures="0" tests="1" name="admin.LoyaltyCardAdmin" time="44.514" errors="0" timestamp="2024-12-12T17:14:03 IST" skipped="0">
  <testcase classname="admin.LoyaltyCardAdmin" name="createLoyaltycardByAdminForbusinessUser" time="44.514"/>
</testsuite> <!-- admin.LoyaltyCardAdmin -->
