<?xml version="1.0" encoding="UTF-8"?>
<!-- Generated by org.testng.reporters.JUnitReportReporter -->
<testsuite hostname="yeshs-Mac-mini.local" failures="0" tests="1" name="admin.DealAdminMobileIntegration" time="152.530" errors="0" timestamp="2025-01-06T17:09:09 IST" skipped="0">
  <testcase classname="admin.DealAdminMobileIntegration" name="searchDealcreatedByAdminForBusinessUserAndRTZThatDeal" time="152.530"/>
</testsuite> <!-- admin.DealAdminMobileIntegration -->
