<?xml version="1.0" encoding="UTF-8"?>
<!-- Generated by org.testng.reporters.JUnitReportReporter -->
<testsuite hostname="yeshs-Mac-mini.local" failures="0" tests="1" name="businessUser.Deal" time="35.658" errors="0" timestamp="2025-01-08T12:42:06 IST" skipped="0">
  <testcase classname="businessUser.Deal" name="createdealBybusinessUserAndAdminApprovesTheDeal" time="35.658"/>
</testsuite> <!-- businessUser.Deal -->
