<?xml version="1.0" encoding="UTF-8"?>
<!-- Generated by org.testng.reporters.JUnitReportReporter -->
<testsuite hostname="Mac-4.lan" failures="0" tests="1" name="businessUser.DailyDeals" time="95.548" errors="0" timestamp="2025-02-05T12:27:38 IST" skipped="0">
  <testcase classname="businessUser.DailyDeals" name="makeDailyDealAndCloneTheDailyDeal" time="95.548"/>
</testsuite> <!-- businessUser.DailyDeals -->
