<?xml version="1.0" encoding="UTF-8"?>
<!-- Generated by org.testng.reporters.JUnitReportReporter -->
<testsuite hostname="yeshs-Mac-mini.local" failures="0" tests="1" name="admin.SpinToWin" time="31.263" errors="0" timestamp="2025-02-19T14:45:45 IST" skipped="0">
  <testcase classname="admin.SpinToWin" name="createSpin2WinByAdminForbusinessUser" time="31.263"/>
</testsuite> <!-- admin.SpinToWin -->
