<?xml version="1.0" encoding="UTF-8"?>
<!-- Generated by org.testng.reporters.JUnitReportReporter -->
<testsuite hostname="yeshs-Mac-mini.local" failures="0" tests="4" name="admin.EventAdmin" time="76.223" errors="0" timestamp="2025-02-19T12:25:56 IST" skipped="0">
  <testcase classname="admin.EventAdmin" name="createEventByAdminForbusinessUser" time="21.203"/>
  <testcase classname="admin.EventAdmin" name="searchEventCreatedByAdminForBusinessUserAndCloneThatEvent" time="16.626"/>
  <testcase classname="admin.EventAdmin" name="searchEventCreatedByAdminForBusinessUserAndEditThatEvent" time="19.530"/>
  <testcase classname="admin.EventAdmin" name="searchEventCreatedByAdminForBusinessUserAndCancleThatEvent" time="18.864"/>
</testsuite> <!-- admin.EventAdmin -->
