<?xml version="1.0" encoding="UTF-8"?>
<!-- Generated by org.testng.reporters.JUnitReportReporter -->
<testsuite hostname="yeshs-Mac-mini.local" failures="0" tests="1" name="admin.EventAdmin" time="16.944" errors="0" timestamp="2025-01-01T15:10:06 IST" skipped="0">
  <testcase classname="admin.EventAdmin" name="searchEventCreatedByAdminForBusinessUserAndCancleThatEvent" time="16.944"/>
</testsuite> <!-- admin.EventAdmin -->
