<?xml version="1.0" encoding="UTF-8"?>
<!-- Generated by org.testng.reporters.JUnitReportReporter -->
<testsuite hostname="yeshs-Mac-mini.local" failures="0" tests="2" name="businessUser.DailyDeals" time="77.817" errors="0" timestamp="2024-12-02T17:45:39 IST" skipped="0">
  <testcase classname="businessUser.DailyDeals" name="createDailyDealByBusinessUserAndAdminApprovesTheDailyDeal" time="66.899"/>
  <testcase classname="businessUser.DailyDeals" name="dailyDealCreatedNowCheckTheMainDashboardDailyDealsCountAndAfterThatGoToDailyDealDashboardAndCheckTheRemainingDailyDealCountAndActiveDailyDealcount" time="10.918"/>
</testsuite> <!-- businessUser.DailyDeals -->
