<?xml version="1.0" encoding="UTF-8"?>
<!-- Generated by org.testng.reporters.JUnitReportReporter -->
<testsuite hostname="yeshs-Mac-mini.local" failures="0" tests="1" name="admin.EventAdminMobileIntegration" time="80.392" errors="0" timestamp="2025-01-01T15:17:56 IST" skipped="0">
  <testcase classname="admin.EventAdminMobileIntegration" name="searchEventCreatedByAdminForBusinessUserAndCancleThatEventAndSearchTheEventOnMobile" time="80.392"/>
</testsuite> <!-- admin.EventAdminMobileIntegration -->
