<?xml version="1.0" encoding="UTF-8"?>
<!-- Generated by org.testng.reporters.JUnitReportReporter -->
<testsuite hostname="yeshs-Mac-mini.local" failures="0" tests="1" name="cashier.CashierModule" time="103.768" errors="0" timestamp="2025-02-04T15:53:19 IST" skipped="0">
  <testcase classname="cashier.CashierModule" name="makeDealRedeemDealWithUniqueQrCodeAndGetValidatedByCashierForBusinessUser" time="103.768"/>
</testsuite> <!-- cashier.CashierModule -->
