<?xml version="1.0" encoding="UTF-8"?>
<!-- Generated by org.testng.reporters.JUnitReportReporter -->
<testsuite hostname="yeshs-Mac-mini.local" failures="0" tests="1" name="businessUser.Createdeal" time="37.839" errors="0" timestamp="2024-12-09T15:56:23 IST" skipped="0">
  <testcase classname="businessUser.Createdeal" name="claimTheDeal" time="37.839"/>
</testsuite> <!-- businessUser.Createdeal -->
