<?xml version="1.0" encoding="UTF-8"?>
<!-- Generated by org.testng.reporters.JUnitReportReporter -->
<testsuite hostname="yeshs-Mac-mini.local" failures="0" tests="1" name="mobileapp.BaseTest" time="25.364" errors="0" timestamp="2024-12-09T17:36:43 IST" skipped="0">
  <testcase classname="mobileapp.BaseTest" name="setUp" time="25.364"/>
</testsuite> <!-- mobileapp.BaseTest -->
