<?xml version="1.0" encoding="UTF-8"?>
<!-- Generated by org.testng.reporters.JUnitReportReporter -->
<testsuite hostname="yeshs-Mac-mini.local" failures="0" tests="1" name="businessUser.LoyaltyCard" time="19.622" errors="0" timestamp="2024-12-10T14:31:34 IST" skipped="0">
  <testcase classname="businessUser.LoyaltyCard" name="searchLoyaltycardAndcancleTheloyaltycardCompletely" time="19.622"/>
</testsuite> <!-- businessUser.LoyaltyCard -->
