<?xml version="1.0" encoding="UTF-8"?>
<!-- Generated by org.testng.reporters.JUnitReportReporter -->
<testsuite hostname="yeshs-Mac-mini.local" failures="0" tests="4" name="businessUser.LoyaltyCard" time="267.675" errors="0" timestamp="2024-12-04T16:29:14 IST" skipped="0">
  <testcase classname="businessUser.LoyaltyCard" name="createLoyaltycardByBusinessUserAndNoLoyaltyCardIsPresentAndApproveBytheAdmin" time="56.311"/>
  <testcase classname="businessUser.LoyaltyCard" name="createLoyaltyCardByBusinessuserButAtLeastOneLoyaltyCardShouldBePresentAndAdminApprovesTheLoyaltyCard" time="57.693"/>
  <testcase classname="businessUser.LoyaltyCard" name="createLoyaltyCardByBusinessuserButAtLeastOneLoyaltyCardShouldBePresentAndAdminDeclineWithOutMessageTheLoyaltyCard" time="58.706"/>
  <testcase classname="businessUser.LoyaltyCard" name="createLoyaltyCardByBusinessuserButAtLeastOneLoyaltyCardShouldBePresentAndAdminDeclineWithMessageTheLoyaltyCard" time="94.965"/>
</testsuite> <!-- businessUser.LoyaltyCard -->
