<?xml version="1.0" encoding="UTF-8"?>
<!-- Generated by org.testng.reporters.JUnitReportReporter -->
<testsuite hostname="yeshs-Mac-mini.local" failures="0" tests="5" name="businessUser.Event" time="220.068" errors="0" timestamp="2025-02-25T12:54:57 IST" skipped="0">
  <testcase classname="businessUser.Event" name="createEventByBusinessuserAndAdminApprovesTheEvent" time="38.922"/>
  <system-out/>
  <testcase classname="businessUser.Event" name="createEventByBusinessuserAndAdminDeclineTheEventWithReasonForDecline" time="36.942"/>
  <system-out/>
  <testcase classname="businessUser.Event" name="createEventByBusinessuserAndAdminDeclineTheEventWithoutReasonForDecline" time="38.513"/>
  <system-out/>
  <testcase classname="businessUser.Event" name="createEventByBusinessUserAfterThatCancled" time="54.114"/>
  <system-out/>
  <testcase classname="businessUser.Event" name="createEventByBusinessUserAndCloneTheEvent" time="51.577"/>
  <system-out/>
</testsuite> <!-- businessUser.Event -->
