<?xml version="1.0" encoding="UTF-8"?>
<!-- Generated by org.testng.reporters.JUnitReportReporter -->
<testsuite hostname="yeshs-Mac-mini.local" failures="0" tests="1" name="admin.LoyaltyCardAdmin" time="25.270" errors="0" timestamp="2025-01-08T18:31:13 IST" skipped="0">
  <testcase classname="admin.LoyaltyCardAdmin" name="createLoyaltycardByAdminForbusinessUser" time="25.270"/>
</testsuite> <!-- admin.LoyaltyCardAdmin -->
