<?xml version="1.0" encoding="UTF-8"?>
<!-- Generated by org.testng.reporters.JUnitReportReporter -->
<testsuite hostname="yeshs-Mac-mini.local" failures="0" tests="1" name="cashier.CashierModule" time="121.259" errors="0" timestamp="2025-01-06T15:32:29 IST" skipped="0">
  <testcase classname="cashier.CashierModule" name="makeDealRedeemDealWithUniqueQrCodeAndGetValidateByCashier" time="121.259"/>
</testsuite> <!-- cashier.CashierModule -->
