<?xml version="1.0" encoding="UTF-8"?>
<!-- Generated by org.testng.reporters.JUnitReportReporter -->
<testsuite hostname="yeshs-Mac-mini.local" failures="0" tests="4" name="admin.EventAdmin" time="101.244" errors="0" timestamp="2024-12-11T17:58:58 IST" skipped="0">
  <testcase classname="admin.EventAdmin" name="createEventByAdminForbusinessUser" time="40.274"/>
  <testcase classname="admin.EventAdmin" name="searchEventCreatedByAdminForBusinessUserAndCloneThatEvent" time="21.344"/>
  <testcase classname="admin.EventAdmin" name="searchEventCreatedByAdminForBusinessUserAndEditThatEvent" time="21.511"/>
  <testcase classname="admin.EventAdmin" name="searchEventCreatedByAdminForBusinessUserAndCancleThatEvent" time="18.115"/>
</testsuite> <!-- admin.EventAdmin -->
