<?xml version="1.0" encoding="UTF-8"?>
<!-- Generated by org.testng.reporters.JUnitReportReporter -->
<testsuite hostname="yeshs-Mac-mini.local" failures="0" tests="1" name="admin.Deal" time="57.507" errors="0" timestamp="2024-12-11T11:19:33 IST" skipped="0">
  <testcase classname="admin.Deal" name="searchDealcreatedByAdminForBusinessUserAndRTZThatDeal" time="57.507"/>
</testsuite> <!-- admin.Deal -->
