<?xml version="1.0" encoding="UTF-8"?>
<!-- Generated by org.testng.reporters.JUnitReportReporter -->
<testsuite hostname="yeshs-Mac-mini.local" failures="0" tests="1" name="admin.DealsAdmin" time="38.409" errors="0" timestamp="2025-02-20T15:45:27 IST" skipped="0">
  <testcase classname="admin.DealsAdmin" name="createdealByAdminForbusinessUser" time="38.409"/>
</testsuite> <!-- admin.DealsAdmin -->
