<?xml version="1.0" encoding="UTF-8"?>
<!-- Generated by org.testng.reporters.JUnitReportReporter -->
<testsuite hostname="yeshs-Mac-mini.local" failures="0" tests="1" name="businessUser.DailyDeals" time="54.505" errors="0" timestamp="2025-02-25T18:07:40 IST" skipped="0">
  <testcase classname="businessUser.DailyDeals" name="createDailyDealByBusinessUserAndAdminApprovesTheDailyDeal" time="54.505"/>
  <system-out/>
</testsuite> <!-- businessUser.DailyDeals -->
