<?xml version="1.0" encoding="UTF-8"?>
<!-- Generated by org.testng.reporters.JUnitReportReporter -->
<testsuite hostname="yeshs-Mac-mini.local" failures="0" tests="1" name="businessUser.EventWithMobileIntegration" time="123.742" errors="0" timestamp="2025-01-01T14:36:24 IST" skipped="0">
  <testcase classname="businessUser.EventWithMobileIntegration" name="createEventByBusinessUserAfterThatCancled" time="123.742"/>
</testsuite> <!-- businessUser.EventWithMobileIntegration -->
