<?xml version="1.0" encoding="UTF-8"?>
<!-- Generated by org.testng.reporters.JUnitReportReporter -->
<testsuite hostname="yeshs-Mac-mini.local" failures="0" tests="1" name="admin.DailyDealsAdminMobileIntegration" time="96.776" errors="0" timestamp="2025-01-07T16:43:38 IST" skipped="0">
  <testcase classname="admin.DailyDealsAdminMobileIntegration" name="searchDealcreatedByAdminForBusinessUserAndRTZThatDeal" time="96.776"/>
</testsuite> <!-- admin.DailyDealsAdminMobileIntegration -->
