<?xml version="1.0" encoding="UTF-8"?>
<!-- Generated by org.testng.reporters.JUnitReportReporter -->
<testsuite hostname="yeshs-Mac-mini.local" failures="0" tests="1" name="admin.LoyaltyCardAdmin" time="36.490" errors="0" timestamp="2025-02-19T12:44:49 IST" skipped="0">
  <testcase classname="admin.LoyaltyCardAdmin" name="createLoyaltycardByAdminForbusinessUser" time="36.490"/>
</testsuite> <!-- admin.LoyaltyCardAdmin -->
