<?xml version="1.0" encoding="UTF-8"?>
<!-- Generated by org.testng.reporters.JUnitReportReporter -->
<testsuite hostname="Mac-57.lan" failures="0" tests="1" name="businessUser.DailyDeals" time="84.244" errors="0" timestamp="2024-12-27T16:54:45 IST" skipped="0">
  <testcase classname="businessUser.DailyDeals" name="createDailyDealByBusinessUserAndAdminApprovesTheDailyDeal" time="84.244"/>
</testsuite> <!-- businessUser.DailyDeals -->
