<?xml version="1.0" encoding="UTF-8"?>
<!-- Generated by org.testng.reporters.JUnitReportReporter -->
<testsuite hostname="yeshs-Mac-mini.local" failures="0" tests="5" name="admin.SpinToWin" time="121.777" errors="0" timestamp="2024-12-16T15:17:42 IST" skipped="0">
  <testcase classname="admin.SpinToWin" name="createSpin2WinByAdminForbusinessUser" time="46.057"/>
  <testcase classname="admin.SpinToWin" name="searchSpin2WinCreatedByAdminForBusinessUserAndCloneThatExistingSpin2Win" time="18.678"/>
  <testcase classname="admin.SpinToWin" name="searchSpin2WinCreatedByAdminForBusinessUserAndPauseThatExistingSpin2Win" time="14.517"/>
  <testcase classname="admin.SpinToWin" name="searchSpin2WinCreatedByAdminForBusinessUserAndEditThatExistingSpin2Win" time="23.868"/>
  <testcase classname="admin.SpinToWin" name="searchSpin2WinCreatedByAdminForBusinessUserAndCancelThatExistingSpin2Win" time="18.657"/>
</testsuite> <!-- admin.SpinToWin -->
