<?xml version="1.0" encoding="UTF-8"?>
<!-- Generated by org.testng.reporters.JUnitReportReporter -->
<testsuite hostname="yeshs-Mac-mini.local" failures="0" tests="1" name="email.ContactUs" time="35.391" errors="0" timestamp="2025-02-28T15:06:30 IST" skipped="0">
  <testcase classname="email.ContactUs" name="contactUsFormEmailValidation" time="35.391"/>
  <system-out/>
</testsuite> <!-- email.ContactUs -->
