<?xml version="1.0" encoding="UTF-8"?>
<!-- Generated by org.testng.reporters.JUnitReportReporter -->
<testsuite hostname="yeshs-Mac-mini.local" failures="0" tests="7" name="admin.DealsAdmin" time="199.533" errors="0" timestamp="2024-12-16T11:49:26 IST" skipped="0">
  <testcase classname="admin.DealsAdmin" name="createdealByAdminForbusinessUser" time="48.203"/>
  <testcase classname="admin.DealsAdmin" name="searchDealcreatedByAdminForBusinessUserAndCloneThatDeal" time="16.936"/>
  <testcase classname="admin.DealsAdmin" name="searchDealcreatedByAdminForBusinessUserAndGoToDetailsPageAndAddPriorityToThatDeal" time="17.752"/>
  <testcase classname="admin.DealsAdmin" name="searchDealcreatedByAdminForBusinessUserAndPauseThatDeal" time="15.368"/>
  <testcase classname="admin.DealsAdmin" name="searchDealcreatedByAdminForBusinessUserAndEditThatDeal" time="25.948"/>
  <testcase classname="admin.DealsAdmin" name="searchDealcreatedByAdminForBusinessUserAndCancleThatDeal" time="21.428"/>
  <testcase classname="admin.DealsAdmin" name="searchDealcreatedByAdminForBusinessUserAndRTZThatDeal" time="53.898"/>
</testsuite> <!-- admin.DealsAdmin -->
