<?xml version="1.0" encoding="UTF-8"?>
<!-- Generated by org.testng.reporters.JUnitReportReporter -->
<testsuite hostname="yeshs-Mac-mini.local" failures="0" tests="1" name="businessUser.Event" time="219.712" errors="0" timestamp="2024-12-24T14:56:11 IST" skipped="0">
  <testcase classname="businessUser.Event" name="createEventByBusinessUserAfterThatCancled" time="219.712"/>
</testsuite> <!-- businessUser.Event -->
