<?xml version="1.0" encoding="UTF-8"?>
<!-- Generated by org.testng.reporters.JUnitReportReporter -->
<testsuite hostname="yeshs-Mac-mini.local" failures="0" tests="1" name="businessUser.Event" time="57.692" errors="0" timestamp="2024-12-16T10:49:24 IST" skipped="0">
  <testcase classname="businessUser.Event" name="createEventByBusinessuserAndAdminApprovesTheEvent" time="57.692"/>
</testsuite> <!-- businessUser.Event -->
