<?xml version="1.0" encoding="UTF-8"?>
<!-- Generated by org.testng.reporters.JUnitReportReporter -->
<testsuite hostname="yeshs-Mac-mini.local" failures="0" tests="6" name="admin.DailyDealsAdmin" time="174.127" errors="0" timestamp="2024-12-16T12:04:57 IST" skipped="0">
  <testcase classname="admin.DailyDealsAdmin" name="createDailyDealByAdminForbusinessUser" time="32.151"/>
  <testcase classname="admin.DailyDealsAdmin" name="searchDailyDealcreatedByAdminForBusinessUserAndCloneThatDailyDeal" time="17.980"/>
  <testcase classname="admin.DailyDealsAdmin" name="searchDailyDealcreatedByAdminForBusinessUserAndEditThatDailyDeal" time="47.592"/>
  <testcase classname="admin.DailyDealsAdmin" name="searchDailyDealcreatedByAdminForBusinessUserAndPauseThatDailyDeal" time="17.488"/>
  <testcase classname="admin.DailyDealsAdmin" name="searchDealcreatedByAdminForBusinessUserAndCancleThatDeal" time="23.652"/>
  <testcase classname="admin.DailyDealsAdmin" name="searchDealcreatedByAdminForBusinessUserAndRTZThatDeal" time="35.264"/>
</testsuite> <!-- admin.DailyDealsAdmin -->
