<?xml version="1.0" encoding="UTF-8"?>
<!-- Generated by org.testng.reporters.JUnitReportReporter -->
<testsuite hostname="yeshs-Mac-mini.local" failures="0" tests="1" name="admin.DailyDealsAdmin" time="42.971" errors="0" timestamp="2025-01-07T16:07:28 IST" skipped="0">
  <testcase classname="admin.DailyDealsAdmin" name="searchDealcreatedByAdminForBusinessUserAndRTZThatDeal" time="42.971"/>
</testsuite> <!-- admin.DailyDealsAdmin -->
