<?xml version="1.0" encoding="UTF-8"?>
<!-- Generated by org.testng.reporters.JUnitReportReporter -->
<testsuite hostname="yeshs-Mac-mini.local" failures="0" tests="1" name="businessUser.Createdeal" time="162.029" errors="0" timestamp="2024-12-24T17:29:12 IST" skipped="0">
  <testcase classname="businessUser.Createdeal" name="makeDealAndCancleTheDealByBusinessUser" time="162.029"/>
</testsuite> <!-- businessUser.Createdeal -->
