<?xml version="1.0" encoding="UTF-8"?>
<!-- Generated by org.testng.reporters.JUnitReportReporter -->
<testsuite hostname="yeshs-Mac-mini.local" failures="0" tests="1" name="mobileapp.BaseTest" time="0.002" errors="0" timestamp="2024-12-02T11:04:06 IST" skipped="0">
  <testcase classname="mobileapp.BaseTest" name="multiply" time="0.002"/>
</testsuite> <!-- mobileapp.BaseTest -->
