<?xml version="1.0" encoding="UTF-8"?>
<!-- Generated by org.testng.reporters.JUnitReportReporter -->
<testsuite hostname="yeshs-Mac-mini.local" failures="0" tests="1" name="businessUser.DealWithMobileIntegration" time="197.806" errors="0" timestamp="2025-01-01T16:17:21 IST" skipped="0">
  <testcase classname="businessUser.DealWithMobileIntegration" name="makeDealAndMobileUserClaimTheDealAndBuisnessUserRTZTheDealAndMobileUserRemovedTheClaimedDeal" time="197.806"/>
</testsuite> <!-- businessUser.DealWithMobileIntegration -->
