<?xml version="1.0" encoding="UTF-8"?>
<!-- Generated by org.testng.reporters.JUnitReportReporter -->
<testsuite hostname="yeshs-Mac-mini.local" failures="0" tests="6" name="admin.DailyDealsAdmin" time="198.262" errors="0" timestamp="2025-02-19T12:20:54 IST" skipped="0">
  <testcase classname="admin.DailyDealsAdmin" name="createDailyDealByAdminForbusinessUser" time="45.343"/>
  <testcase classname="admin.DailyDealsAdmin" name="searchDailyDealcreatedByAdminForBusinessUserAndCloneThatDailyDeal" time="17.602"/>
  <testcase classname="admin.DailyDealsAdmin" name="searchDailyDealcreatedByAdminForBusinessUserAndEditThatDailyDeal" time="27.940"/>
  <testcase classname="admin.DailyDealsAdmin" name="searchDailyDealcreatedByAdminForBusinessUserAndPauseThatDailyDeal" time="23.387"/>
  <testcase classname="admin.DailyDealsAdmin" name="searchDealcreatedByAdminForBusinessUserAndCancleThatDeal" time="26.217"/>
  <testcase classname="admin.DailyDealsAdmin" name="searchDealcreatedByAdminForBusinessUserAndRTZThatDeal" time="57.773"/>
</testsuite> <!-- admin.DailyDealsAdmin -->
