<?xml version="1.0" encoding="UTF-8"?>
<!-- Generated by org.testng.reporters.JUnitReportReporter -->
<testsuite hostname="Mac-90.lan" failures="0" tests="1" name="admin.DailyDealsAdminMobileIntegration" time="110.873" errors="0" timestamp="2025-01-03T16:30:42 IST" skipped="0">
  <testcase classname="admin.DailyDealsAdminMobileIntegration" name="searchDealcreatedByAdminForBusinessUserAndRTZThatDeal" time="110.873"/>
</testsuite> <!-- admin.DailyDealsAdminMobileIntegration -->
