<?xml version="1.0" encoding="UTF-8"?>
<!-- Generated by org.testng.reporters.JUnitReportReporter -->
<testsuite hostname="Mac-5.lan" failures="0" tests="4" name="admin.EventAdmin" time="175.920" errors="0" timestamp="2025-02-05T17:51:02 IST" skipped="0">
  <testcase classname="admin.EventAdmin" name="createEventByAdminForbusinessUser" time="65.995"/>
  <testcase classname="admin.EventAdmin" name="searchEventCreatedByAdminForBusinessUserAndCloneThatEvent" time="29.626"/>
  <testcase classname="admin.EventAdmin" name="searchEventCreatedByAdminForBusinessUserAndEditThatEvent" time="39.030"/>
  <testcase classname="admin.EventAdmin" name="searchEventCreatedByAdminForBusinessUserAndCancleThatEvent" time="41.269"/>
</testsuite> <!-- admin.EventAdmin -->
