<?xml version="1.0" encoding="UTF-8"?>
<!-- Generated by org.testng.reporters.JUnitReportReporter -->
<testsuite hostname="Mac-90.lan" failures="0" tests="1" name="businessUser.DailyDealsWithMobileIntegration" time="113.024" errors="0" timestamp="2025-01-03T18:13:44 IST" skipped="0">
  <testcase classname="businessUser.DailyDealsWithMobileIntegration" name="makeDailyDealAndPauseTheDeal" time="113.024"/>
</testsuite> <!-- businessUser.DailyDealsWithMobileIntegration -->
