<?xml version="1.0" encoding="UTF-8"?>
<!-- Generated by org.testng.reporters.JUnitReportReporter -->
<testsuite hostname="yeshs-Mac-mini.local" failures="0" tests="1" name="cashier.CashierModule" time="108.335" errors="0" timestamp="2025-01-07T17:20:59 IST" skipped="0">
  <testcase classname="cashier.CashierModule" name="dealCreatedByAdminForBusinessUserAndCashierValidateThedeal" time="108.335"/>
</testsuite> <!-- cashier.CashierModule -->
