<?xml version="1.0" encoding="UTF-8"?>
<!-- Generated by org.testng.reporters.JUnitReportReporter -->
<testsuite hostname="yeshs-Mac-mini.local" failures="0" tests="1" name="email.BusinessInfo" time="46.103" errors="0" timestamp="2025-03-06T10:43:47 IST" skipped="0">
  <testcase classname="email.BusinessInfo" name="contactUsFormEmailValidation" time="46.103"/>
  <system-out/>
</testsuite> <!-- email.BusinessInfo -->
