<?xml version="1.0" encoding="UTF-8"?>
<!-- Generated by org.testng.reporters.JUnitReportReporter -->
<testsuite hostname="yeshs-Mac-mini.local" failures="0" tests="1" name="businessUser.DealWithMobile" time="97.697" errors="0" timestamp="2024-12-16T12:28:10 IST" skipped="0">
  <testcase classname="businessUser.DealWithMobile" name="createDealByBusinessUserAndAdminApprovesTheDeal" time="97.697"/>
</testsuite> <!-- businessUser.DealWithMobile -->
