<?xml version="1.0" encoding="UTF-8"?>
<!-- Generated by org.testng.reporters.JUnitReportReporter -->
<testsuite hostname="yeshs-Mac-mini.local" failures="0" tests="8" name="businessUser.DailyDeals" time="441.668" errors="0" timestamp="2024-12-09T12:54:42 IST" skipped="0">
  <testcase classname="businessUser.DailyDeals" name="createDailyDealByBusinessUserAndAdmindeclineTheDailyDeal" time="50.627"/>
  <testcase classname="businessUser.DailyDeals" name="makeDailyDealAndPauseTheDeal" time="65.601"/>
  <testcase classname="businessUser.DailyDeals" name="makeDailyDealAndCancleTheDealByBusinessUser" time="68.432"/>
  <testcase classname="businessUser.DailyDeals" name="makeDailyDealAndCloneTheDailyDeal" time="71.129"/>
  <testcase classname="businessUser.DailyDeals" name="makeDailyDealAndRTZTheDailyDealByBusinessUser" time="71.960"/>
  <testcase classname="businessUser.DailyDeals" name="createDailyDealBybusinessUserAndAdminDeclineThedealWithoutReasonForDecline" time="49.917"/>
  <testcase classname="businessUser.DailyDeals" name="createDailyDealByBusinessUserAndAdminApprovesTheDailyDeal" time="53.465"/>
  <testcase classname="businessUser.DailyDeals" name="dailyDealCreatedNowCheckTheMainDashboardDailyDealsCountAndAfterThatGoToDailyDealDashboardAndCheckTheRemainingDailyDealCountAndActiveDailyDealcount" time="10.537"/>
</testsuite> <!-- businessUser.DailyDeals -->
