<?xml version="1.0" encoding="UTF-8"?>
<!-- Generated by org.testng.reporters.JUnitReportReporter -->
<testsuite hostname="yeshs-Mac-mini.local" failures="0" tests="1" name="businessUser.Event" time="75.540" errors="0" timestamp="2024-12-05T10:48:34 IST" skipped="0">
  <testcase classname="businessUser.Event" name="createEventByBusinessUserAfterThatCancled" time="75.540"/>
</testsuite> <!-- businessUser.Event -->
