<?xml version="1.0" encoding="UTF-8"?>
<!-- Generated by org.testng.reporters.JUnitReportReporter -->
<testsuite hostname="yeshs-Mac-mini.local" failures="0" tests="1" name="businessUser.LoyaltyCard" time="89.080" errors="0" timestamp="2025-01-08T12:34:51 IST" skipped="0">
  <testcase classname="businessUser.LoyaltyCard" name="createLoyaltycardByBusinessUserAndNoLoyaltyCardIsPresentAndApproveBytheAdmin" time="89.080"/>
</testsuite> <!-- businessUser.LoyaltyCard -->
